Arguments: 
  C:\Program Files\nodejs\node.exe C:\Users\nickp\AppData\Roaming\npm\node_modules\yarn\bin\yarn.js add path

PATH: 
  C:\Users\nickp\bin;C:\Program Files\Git\mingw64\bin;C:\Program Files\Git\usr\local\bin;C:\Program Files\Git\usr\bin;C:\Program Files\Git\usr\bin;C:\Program Files\Git\mingw64\bin;C:\Program Files\Git\usr\bin;C:\Users\nickp\bin;C:\Program Files (x86)\Common Files\Oracle\Java\javapath;C:\Program Files (x86)\Intel\Intel(R) Management Engine Components\iCLS;C:\Program Files\Intel\Intel(R) Management Engine Components\iCLS;C:\Windows\system32;C:\Windows;C:\Windows\System32\Wbem;C:\Windows\System32\WindowsPowerShell\v1.0;C:\Windows\System32\OpenSSH;C:\Program Files (x86)\NVIDIA Corporation\PhysX\Common;C:\Program Files (x86)\Intel\Intel(R) Management Engine Components\DAL;C:\Program Files\Intel\Intel(R) Management Engine Components\DAL;C:\Program Files (x86)\Intel\Intel(R) Management Engine Components\IPT;C:\Program Files\Intel\Intel(R) Management Engine Components\IPT;C:\Program Files (x86)\Brackets\command;C:\Program Files\Microsoft SQL Server\130\Tools\Binn;C:\Program Files (x86)\Microsoft SQL Server\Client SDK\ODBC\130\Tools\Binn;C:\Program Files (x86)\Microsoft SQL Server\140\Tools\Binn;C:\Program Files (x86)\Microsoft SQL Server\140\DTS\Binn;C:\Program Files (x86)\Microsoft SQL Server\140\Tools\Binn\ManagementStudio;C:\Program Files\Microsoft SQL Server\Client SDK\ODBC\130\Tools\Binn;C:\Program Files\Microsoft SQL Server\140\Tools\Binn;C:\Program Files\Microsoft SQL Server\140\DTS\Binn;C:\Program Files\dotnet;C:\Program Files\nodejs;C:\Users\nickp\AppData\Local\Microsoft\WindowsApps;C:\Users\nickp\AppData\Local\Programs\Microsoft VS Code\bin;C:\Users\nickp\AppData\Roaming\npm;C:\Program Files\Git\usr\bin\vendor_perl;C:\Program Files\Git\usr\bin\core_perl

Yarn version: 
  1.13.0

Node version: 
  10.14.1

Platform: 
  win32 x64

Trace: 
  SyntaxError: C:\Users\nickp\Desktop\Variados\React\ecommerce-mern\package.json: Unexpected token < in JSON at position 1216
      at JSON.parse (<anonymous>)
      at C:\Users\nickp\AppData\Roaming\npm\node_modules\yarn\lib\cli.js:1625:59
      at Generator.next (<anonymous>)
      at step (C:\Users\nickp\AppData\Roaming\npm\node_modules\yarn\lib\cli.js:304:30)
      at C:\Users\nickp\AppData\Roaming\npm\node_modules\yarn\lib\cli.js:315:13

npm manifest: 
  {
    "name": "ecommerce-mern",
    "version": "1.0.0",
    "description": "Basic e-commerce using mern stack",
    "main": "server.js",
    "scripts": {
      "client-install": "npm install --prefix client",
      "build": "react-scripts build",
      "start": "node server.js",
      "server": "nodemon server.js",
      "client": "npm start --prefix client",
      "dev": "concurrently \"npm run server\" \"npm run client\"",
      "heroku-postbuild": "cd client && npm install --only=dev && npm install && npm run build"
    },
    "author": "Nicolas Marqui",
    "license": "MIT",
    "dependencies": {
      "bcrypt": "^3.0.4",
      "bcryptjs": "^2.4.3",
      "body-parser": "^1.18.3",
      "classnames": "^2.2.6",
      "concurrently": "^4.1.0",
      "cors": "^2.8.5",
      "express": "^4.16.4",
      "is-empty": "^1.2.0",
      "jsonwebtoken": "^8.4.0",
      "jwt-decode": "^2.2.0",
      "jwt-decoder": "^0.0.0",
      "mongoose": "^5.4.8",
      "passport": "^0.4.0",
      "passport-jwt": "^4.0.0",
      "prop-types": "^15.7.1",
      "react-leaflet": "^2.2.0",
      "react-redux": "^6.0.0",
      "react-toastify": "^4.5.2",
      "redux": "^4.0.1",
      "redux-thunk": "^2.3.0",
      "validator": "^10.11.0"
    },
    "devDependencies": {
      "nodemon": "^1.18.9"
    },
  <<<<<<< HEAD
      "engines": {
          "node": "10.14.1"
      }
  =======
    "engines": {
      "node": "10.14.1"
    }
  >>>>>>> 61108001b6fb675c19f809d7f400fb5595f0ad70
  }

yarn manifest: 
  No manifest

Lockfile: 
  No lockfile
